2023-08-06 02:27:42.724161 - Initialized conversion of CBT246
2023-08-06 02:27:42.841630 - Received CBT.V505.FILE246.PDS from FILE246.XMI 
2023-08-06 02:27:42.843943 - Found $$$#DATE.txt (text/plain) in CBT.V505.FILE246.PDS, moved to PDS/$$$#DATE
2023-08-06 02:27:42.844872 - Found $$NOTE1.txt (text/plain) in CBT.V505.FILE246.PDS, moved to PDS/$$NOTE1
2023-08-06 02:27:42.845879 - Found @FILE246.txt (text/plain) in CBT.V505.FILE246.PDS, moved to PDS/@FILE246
2023-08-06 02:27:42.846824 - Found CLRDUMP1.txt (text/plain) in CBT.V505.FILE246.PDS, moved to PDS/CLRDUMP1
2023-08-06 02:27:42.847675 - Found COMPLNKL.txt (text/plain) in CBT.V505.FILE246.PDS, moved to PDS/COMPLNKL
2023-08-06 02:27:42.848603 - Found COMPLNK2.txt (text/plain) in CBT.V505.FILE246.PDS, moved to PDS/COMPLNK2
2023-08-06 02:27:42.849561 - Found COMPRDSN.txt (text/plain) in CBT.V505.FILE246.PDS, moved to PDS/COMPRDSN
2023-08-06 02:27:42.850431 - Found COMPRLLA.txt (text/plain) in CBT.V505.FILE246.PDS, moved to PDS/COMPRLLA
2023-08-06 02:27:42.851309 - Found DSS0E0FY.txt (text/plain) in CBT.V505.FILE246.PDS, moved to PDS/DSS0E0FY
2023-08-06 02:27:42.852143 - Found ICK#INIT.txt (text/plain) in CBT.V505.FILE246.PDS, moved to PDS/ICK#INIT
2023-08-06 02:27:42.853016 - Found ICK#INI3.txt (text/plain) in CBT.V505.FILE246.PDS, moved to PDS/ICK#INI3
2023-08-06 02:27:42.853951 - Found ICK#PROD.txt (text/plain) in CBT.V505.FILE246.PDS, moved to PDS/ICK#PROD
2023-08-06 02:27:42.854862 - Found ICK#SMS.txt (text/plain) in CBT.V505.FILE246.PDS, moved to PDS/ICK#SMS
2023-08-06 02:27:42.855726 - Found ICK#SMS2.txt (text/plain) in CBT.V505.FILE246.PDS, moved to PDS/ICK#SMS2
2023-08-06 02:27:42.856569 - Found ICK#Y2K.txt (text/plain) in CBT.V505.FILE246.PDS, moved to PDS/ICK#Y2K
2023-08-06 02:27:42.857435 - Found ICK#Y2KB.txt (text/plain) in CBT.V505.FILE246.PDS, moved to PDS/ICK#Y2KB
2023-08-06 02:27:42.858327 - Found SMS#DSF.txt (text/plain) in CBT.V505.FILE246.PDS, moved to PDS/SMS#DSF
2023-08-06 02:27:42.859243 - Found TMP##TRI.txt (text/plain) in CBT.V505.FILE246.PDS, moved to PDS/TMP##TRI
2023-08-06 02:27:42.860125 - Found W$$MGCR.jcl (text/plain) in CBT.V505.FILE246.PDS, moved to PDS/W$$MGCR
